<?xml version="1.0" encoding="UTF-8"?>
<!-- Generated by org.testng.reporters.JUnitReportReporter -->
<testsuite skipped="0" hostname="LAPTOP-0E6UBLBC" name="com.qa.hubspot.Tests.HomepageTest" tests="3" failures="0" timestamp="13 Nov 2019 07:35:56 GMT" time="4.848" errors="0">
  <testcase name="verifyHomepageTitleTest" time="0.112" classname="com.qa.hubspot.Tests.HomepageTest"/>
  <testcase name="verifyAccountNameTitleTest" time="0.530" classname="com.qa.hubspot.Tests.HomepageTest"/>
  <testcase name="gotoContactspageTest" time="4.206" classname="com.qa.hubspot.Tests.HomepageTest"/>
</testsuite> <!-- com.qa.hubspot.Tests.HomepageTest -->
