<?xml version="1.0" encoding="UTF-8"?>
<!-- Generated by org.testng.reporters.JUnitReportReporter -->
<testsuite skipped="0" hostname="LAPTOP-0E6UBLBC" name="com.qa.hubspot.Tests.LoginpageTest" tests="1" failures="0" timestamp="06 Nov 2019 19:23:46 GMT" time="25.620" errors="0">
  <testcase name="doLoginTest" time="25.620" classname="com.qa.hubspot.Tests.LoginpageTest"/>
</testsuite> <!-- com.qa.hubspot.Tests.LoginpageTest -->
