<?xml version="1.0" encoding="UTF-8"?>
<!-- Generated by org.testng.reporters.JUnitReportReporter -->
<testsuite skipped="0" hostname="LAPTOP-0E6UBLBC" name="com.qa.hubspot.Tests.ContactspageTest" tests="2" failures="0" timestamp="09 Nov 2019 12:10:01 GMT" time="18.110" errors="0">
  <testcase name="verifyContactspageTitleTest" time="4.024" classname="com.qa.hubspot.Tests.ContactspageTest"/>
  <testcase name="createContactsTest" time="14.086" classname="com.qa.hubspot.Tests.ContactspageTest"/>
</testsuite> <!-- com.qa.hubspot.Tests.ContactspageTest -->
