<?xml version="1.0" encoding="UTF-8"?>
<!-- Generated by org.testng.reporters.JUnitReportReporter -->
<testsuite skipped="0" hostname="LAPTOP-0E6UBLBC" name="com.qa.hubspot.Tests.LoginpageTest" tests="3" failures="0" timestamp="13 Nov 2019 07:29:58 GMT" time="10.379" errors="0">
  <testcase name="verifyPageTitleTest" time="0.051" classname="com.qa.hubspot.Tests.LoginpageTest"/>
  <testcase name="verifyAccountExistanceTest" time="0.479" classname="com.qa.hubspot.Tests.LoginpageTest"/>
  <testcase name="doLoginTest" time="9.849" classname="com.qa.hubspot.Tests.LoginpageTest"/>
</testsuite> <!-- com.qa.hubspot.Tests.LoginpageTest -->
