<?xml version="1.0" encoding="UTF-8"?>
<!-- Generated by org.testng.reporters.JUnitReportReporter -->
<testsuite skipped="0" hostname="LAPTOP-0E6UBLBC" name="com.qa.hubspot.Tests.LoginpageTest" tests="2" failures="0" timestamp="09 Nov 2019 06:00:39 GMT" time="6.257" errors="0">
  <testcase name="verifyPageTitleTest" time="0.042" classname="com.qa.hubspot.Tests.LoginpageTest"/>
  <testcase name="doLoginTest" time="6.215" classname="com.qa.hubspot.Tests.LoginpageTest"/>
</testsuite> <!-- com.qa.hubspot.Tests.LoginpageTest -->
